{"contracts\\Greeter.sol":{"l":{"10":3,"11":3,"15":2,"19":1,"20":1},"path":"C:\\Users\\Admin\\Desktop\\fyp-demo\\communi-chain-demo\\client\\contracts\\Greeter.sol","s":{"1":3,"2":2,"3":1},"b":{},"f":{"1":3,"2":2,"3":1},"fnMap":{"1":{"name":"constructor","line":9,"loc":{"start":{"line":9,"column":4},"end":{"line":12,"column":4}}},"2":{"name":"greet","line":14,"loc":{"start":{"line":14,"column":4},"end":{"line":16,"column":4}}},"3":{"name":"setGreeting","line":18,"loc":{"start":{"line":18,"column":4},"end":{"line":21,"column":4}}}},"statementMap":{"1":{"start":{"line":10,"column":8},"end":{"line":10,"column":67}},"2":{"start":{"line":15,"column":8},"end":{"line":15,"column":23}},"3":{"start":{"line":19,"column":8},"end":{"line":19,"column":78}}},"branchMap":{}},"contracts\\HitchensUnorderedKeySet.sol":{"l":{"35":5,"36":5,"37":5,"38":5,"42":1,"43":1,"44":1,"45":1,"46":1,"47":1,"48":1,"52":7,"56":10,"57":5,"61":0,"65":0,"77":0,"81":0,"82":0,"86":0,"87":0,"91":0,"95":0},"path":"C:\\Users\\Admin\\Desktop\\fyp-demo\\communi-chain-demo\\client\\contracts\\HitchensUnorderedKeySet.sol","s":{"1":5,"2":5,"3":5,"4":1,"5":1,"6":1,"7":1,"8":7,"9":10,"10":5,"11":5,"12":0,"13":0,"14":0,"15":0,"16":0,"17":0,"18":0,"19":0},"b":{"1":[5,0],"2":[5,0],"3":[1,0],"4":[5,5]},"f":{"1":5,"2":1,"3":7,"4":10,"5":0,"6":0,"7":0,"8":0,"9":0,"10":0,"11":0},"fnMap":{"1":{"name":"insert","line":34,"loc":{"start":{"line":34,"column":4},"end":{"line":39,"column":4}}},"2":{"name":"remove","line":41,"loc":{"start":{"line":41,"column":4},"end":{"line":49,"column":4}}},"3":{"name":"count","line":51,"loc":{"start":{"line":51,"column":4},"end":{"line":53,"column":4}}},"4":{"name":"exists","line":55,"loc":{"start":{"line":55,"column":4},"end":{"line":58,"column":4}}},"5":{"name":"keyAtIndex","line":60,"loc":{"start":{"line":60,"column":4},"end":{"line":62,"column":4}}},"6":{"name":"nukeSet","line":64,"loc":{"start":{"line":64,"column":4},"end":{"line":66,"column":4}}},"7":{"name":"exists","line":76,"loc":{"start":{"line":76,"column":4},"end":{"line":78,"column":4}}},"8":{"name":"insert","line":80,"loc":{"start":{"line":80,"column":4},"end":{"line":83,"column":4}}},"9":{"name":"remove","line":85,"loc":{"start":{"line":85,"column":4},"end":{"line":88,"column":4}}},"10":{"name":"count","line":90,"loc":{"start":{"line":90,"column":4},"end":{"line":92,"column":4}}},"11":{"name":"keyAtIndex","line":94,"loc":{"start":{"line":94,"column":4},"end":{"line":96,"column":4}}}},"statementMap":{"1":{"start":{"line":35,"column":8},"end":{"line":35,"column":70}},"2":{"start":{"line":36,"column":8},"end":{"line":36,"column":91}},"3":{"start":{"line":37,"column":8},"end":{"line":37,"column":29}},"4":{"start":{"line":42,"column":8},"end":{"line":42,"column":90}},"5":{"start":{"line":43,"column":8},"end":{"line":43,"column":55}},"6":{"start":{"line":44,"column":8},"end":{"line":44,"column":49}},"7":{"start":{"line":48,"column":8},"end":{"line":48,"column":25}},"8":{"start":{"line":52,"column":8},"end":{"line":52,"column":35}},"9":{"start":{"line":56,"column":8},"end":{"line":56,"column":49}},"10":{"start":{"line":56,"column":37},"end":{"line":56,"column":49}},"11":{"start":{"line":57,"column":8},"end":{"line":57,"column":57}},"12":{"start":{"line":61,"column":8},"end":{"line":61,"column":34}},"13":{"start":{"line":77,"column":8},"end":{"line":77,"column":30}},"14":{"start":{"line":81,"column":8},"end":{"line":81,"column":22}},"15":{"start":{"line":82,"column":8},"end":{"line":82,"column":49}},"16":{"start":{"line":86,"column":8},"end":{"line":86,"column":22}},"17":{"start":{"line":87,"column":8},"end":{"line":87,"column":49}},"18":{"start":{"line":91,"column":8},"end":{"line":91,"column":26}},"19":{"start":{"line":95,"column":8},"end":{"line":95,"column":36}}},"branchMap":{"1":{"line":35,"type":"if","locations":[{"start":{"line":35,"column":8},"end":{"line":35,"column":8}},{"start":{"line":35,"column":8},"end":{"line":35,"column":8}}]},"2":{"line":36,"type":"if","locations":[{"start":{"line":36,"column":8},"end":{"line":36,"column":8}},{"start":{"line":36,"column":8},"end":{"line":36,"column":8}}]},"3":{"line":42,"type":"if","locations":[{"start":{"line":42,"column":8},"end":{"line":42,"column":8}},{"start":{"line":42,"column":8},"end":{"line":42,"column":8}}]},"4":{"line":56,"type":"if","locations":[{"start":{"line":56,"column":8},"end":{"line":56,"column":8}},{"start":{"line":56,"column":8},"end":{"line":56,"column":8}}]}}},"contracts\\UserManager.sol":{"l":{"37":5,"39":5,"40":5,"41":5,"48":2,"53":2,"54":2,"55":2,"59":1,"61":1,"62":1,"68":2,"73":2,"74":2,"78":6},"path":"C:\\Users\\Admin\\Desktop\\fyp-demo\\communi-chain-demo\\client\\contracts\\UserManager.sol","s":{"1":5,"2":5,"3":5,"4":2,"5":2,"6":2,"7":1,"8":1,"9":2,"10":2,"11":2,"12":6},"b":{"1":[2,0],"2":[2,0]},"f":{"1":5,"2":2,"3":1,"4":2,"5":6},"fnMap":{"1":{"name":"newUser","line":33,"loc":{"start":{"line":33,"column":4},"end":{"line":42,"column":4}}},"2":{"name":"updateUser","line":44,"loc":{"start":{"line":44,"column":4},"end":{"line":56,"column":4}}},"3":{"name":"remUser","line":58,"loc":{"start":{"line":58,"column":4},"end":{"line":63,"column":4}}},"4":{"name":"getUserPassword","line":65,"loc":{"start":{"line":65,"column":4},"end":{"line":75,"column":4}}},"5":{"name":"getUserCount","line":77,"loc":{"start":{"line":77,"column":4},"end":{"line":79,"column":4}}}},"statementMap":{"1":{"start":{"line":37,"column":8},"end":{"line":37,"column":49}},"2":{"start":{"line":39,"column":8},"end":{"line":39,"column":64}},"3":{"start":{"line":41,"column":8},"end":{"line":41,"column":68}},"4":{"start":{"line":48,"column":8},"end":{"line":48,"column":1539}},"5":{"start":{"line":53,"column":8},"end":{"line":53,"column":64}},"6":{"start":{"line":55,"column":8},"end":{"line":55,"column":71}},"7":{"start":{"line":59,"column":8},"end":{"line":59,"column":49}},"8":{"start":{"line":62,"column":8},"end":{"line":62,"column":49}},"9":{"start":{"line":68,"column":8},"end":{"line":68,"column":2386}},"10":{"start":{"line":73,"column":8},"end":{"line":73,"column":64}},"11":{"start":{"line":74,"column":8},"end":{"line":74,"column":34}},"12":{"start":{"line":78,"column":8},"end":{"line":78,"column":44}}},"branchMap":{"1":{"line":48,"type":"if","locations":[{"start":{"line":48,"column":8},"end":{"line":48,"column":8}},{"start":{"line":48,"column":8},"end":{"line":48,"column":8}}]},"2":{"line":68,"type":"if","locations":[{"start":{"line":68,"column":8},"end":{"line":68,"column":8}},{"start":{"line":68,"column":8},"end":{"line":68,"column":8}}]}}},"contracts\\WarningManager.sol":{"l":{"26":0,"28":0,"29":0,"30":0,"36":0,"41":0,"42":0,"43":0,"49":0,"54":0,"55":0,"56":0},"path":"C:\\Users\\Admin\\Desktop\\fyp-demo\\communi-chain-demo\\client\\contracts\\WarningManager.sol","s":{"1":0,"2":0,"3":0,"4":0,"5":0,"6":0,"7":0,"8":0,"9":0},"b":{"1":[0,0],"2":[0,0]},"f":{"1":0,"2":0,"3":0},"fnMap":{"1":{"name":"newReport","line":25,"loc":{"start":{"line":25,"column":4},"end":{"line":31,"column":4}}},"2":{"name":"addCount","line":33,"loc":{"start":{"line":33,"column":4},"end":{"line":44,"column":4}}},"3":{"name":"reduceCount","line":46,"loc":{"start":{"line":46,"column":4},"end":{"line":57,"column":4}}}},"statementMap":{"1":{"start":{"line":26,"column":8},"end":{"line":26,"column":44}},"2":{"start":{"line":28,"column":8},"end":{"line":28,"column":74}},"3":{"start":{"line":30,"column":8},"end":{"line":30,"column":51}},"4":{"start":{"line":36,"column":8},"end":{"line":36,"column":1293}},"5":{"start":{"line":41,"column":8},"end":{"line":41,"column":74}},"6":{"start":{"line":43,"column":8},"end":{"line":43,"column":50}},"7":{"start":{"line":49,"column":8},"end":{"line":49,"column":1754}},"8":{"start":{"line":54,"column":8},"end":{"line":54,"column":74}},"9":{"start":{"line":56,"column":8},"end":{"line":56,"column":53}}},"branchMap":{"1":{"line":36,"type":"if","locations":[{"start":{"line":36,"column":8},"end":{"line":36,"column":8}},{"start":{"line":36,"column":8},"end":{"line":36,"column":8}}]},"2":{"line":49,"type":"if","locations":[{"start":{"line":49,"column":8},"end":{"line":49,"column":8}},{"start":{"line":49,"column":8},"end":{"line":49,"column":8}}]}}}}